<?xml version="1.0" encoding="UTF-8"?>
<!-- Generated by org.testng.reporters.JUnitXMLReporter -->
<testsuite ignored="2" hostname="Vicky" failures="0" tests="2" name="Nopackage" time="0.668" errors="0" timestamp="2020-09-08T21:44:53 IST">
  <testcase classname="com.testcases.SampleTestCase" name="login" time="0.023"/>
  <testcase classname="com.testcases.SampleTestCase" name="registration" time="0.005"/>
  <testcase classname="com.testcases.SampleTestCase" name="launchBrowser" time="0.0">
    <ignored/>
  </testcase> <!-- launchBrowser -->
  <testcase classname="com.testcases.SampleTestCase" name="logout" time="0.0">
    <ignored/>
  </testcase> <!-- logout -->
</testsuite> <!-- Nopackage -->
