<?xml version="1.0" encoding="UTF-8"?>
<testng-results ignored="0" total="1" passed="1" failed="0" skipped="0">
  <reporter-output>
  </reporter-output>
  <suite started-at="2020-09-09T18:06:07 IST" name="Suite1" finished-at="2020-09-09T18:06:30 IST" duration-ms="22916">
    <groups>
      <group name="Smoke Test">
        <method signature="SampleTestCase.TC_01()[pri:0, instance:com.testcases.SampleTestCase@4e6d7365]" name="TC_01" class="com.testcases.SampleTestCase"/>
      </group> <!-- Smoke Test -->
    </groups>
    <test started-at="2020-09-09T18:06:07 IST" name="Test" finished-at="2020-09-09T18:06:30 IST" duration-ms="22916">
      <class name="com.testcases.SampleTestCase">
        <test-method is-config="true" signature="beforeSuite()[pri:0, instance:com.testcases.SampleTestCase@4e6d7365]" started-at="2020-09-09T18:06:07 IST" name="beforeSuite" finished-at="2020-09-09T18:06:07 IST" duration-ms="108" status="PASS">
          <reporter-output>
          </reporter-output>
        </test-method> <!-- beforeSuite -->
        <test-method is-config="true" signature="beforeMethod(java.lang.reflect.Method)[pri:0, instance:com.testcases.SampleTestCase@4e6d7365]" started-at="2020-09-09T18:06:07 IST" name="beforeMethod" finished-at="2020-09-09T18:06:07 IST" duration-ms="422" status="PASS">
          <params>
            <param index="0">
              <value>
                <![CDATA[public void com.testcases.SampleTestCase.TC_01()]]>
              </value>
            </param>
          </params>
          <reporter-output>
          </reporter-output>
        </test-method> <!-- beforeMethod -->
        <test-method signature="TC_01()[pri:0, instance:com.testcases.SampleTestCase@4e6d7365]" started-at="2020-09-09T18:06:08 IST" name="TC_01" finished-at="2020-09-09T18:06:30 IST" duration-ms="22044" status="PASS">
          <reporter-output>
          </reporter-output>
        </test-method> <!-- TC_01 -->
        <test-method is-config="true" signature="afterSuite()[pri:0, instance:com.testcases.SampleTestCase@4e6d7365]" started-at="2020-09-09T18:06:30 IST" name="afterSuite" finished-at="2020-09-09T18:06:31 IST" duration-ms="1360" status="PASS">
          <reporter-output>
          </reporter-output>
        </test-method> <!-- afterSuite -->
      </class> <!-- com.testcases.SampleTestCase -->
    </test> <!-- Test -->
  </suite> <!-- Suite1 -->
</testng-results>
